<?xml version="1.0" encoding="UTF-8"?>
<TestRun id="dde6d69c-e0f2-4ba0-a725-8fea0f7ac5c0" name="DELL@DESKTOP-LOPJI9H 2021-07-16 12:13:16" runUser="DESKTOP-LOPJI9H\DELL" xmlns="http://microsoft.com/schemas/VisualStudio/TeamTest/2006">
  <TestRunConfiguration name="本地测试运行" id="9d425a86-9345-45ca-8257-a0c9b9ebd7ea">
    <Description>这是本地测试运行的默认测试运行配置。</Description>
    <Deployment runDeploymentRoot="G:\Debug_C++\Add\TestResults\DELL_DESKTOP-LOPJI9H 2021-07-16 12_13_16" />
    <TestTypeSpecific />
  </TestRunConfiguration>
  <ResultSummary outcome="Failed">
    <Counters total="1" executed="1" error="0" failed="1" timeout="0" aborted="0" inconclusive="0" passedButRunAborted="0" notRunnable="0" notExecuted="0" disconnected="0" warning="0" passed="0" completed="0" inProgress="0" pending="0" />
  </ResultSummary>
  <Times creation="2021-07-16T12:13:16.1143431+08:00" queuing="2021-07-16T12:13:16.2280389+08:00" start="2021-07-16T12:13:16.2519751+08:00" finish="2021-07-16T12:13:16.3174703+08:00" />
  <TestDefinitions>
    <UnitTest name="TestMethod1" storage="g:\debug_c++\add\debug\test.dll" id="3ce82d81-121a-e8e1-db70-ae7fe7fcf4a8">
      <Css projectStructure="" iteration="" />
      <Owners>
        <Owner name="" />
      </Owners>
      <Execution id="2bca74fa-e701-43f4-a239-dc4c22ed4b04" />
      <TestMethod codeBase="G:\Debug_C++\Add\Debug\Test.dll" adapterTypeName="Microsoft.VisualStudio.TestTools.TestTypes.Unit.UnitTestAdapter, Microsoft.VisualStudio.QualityTools.Tips.UnitTest.Adapter, Version=9.0.0.0, Culture=neutral, PublicKeyToken=b03f5f7f11d50a3a" className="Test.UnitTest, Test" name="TestMethod1" />
    </UnitTest>
  </TestDefinitions>
  <TestLists>
    <TestList name="列表中未列出的结果" id="8c84fa94-04c1-424b-9868-57a2d4851a1d" />
    <TestList name="所有已加载的结果" id="19431567-8539-422a-85d7-44ee4e166bda" />
  </TestLists>
  <TestEntries>
    <TestEntry testId="3ce82d81-121a-e8e1-db70-ae7fe7fcf4a8" executionId="2bca74fa-e701-43f4-a239-dc4c22ed4b04" testListId="8c84fa94-04c1-424b-9868-57a2d4851a1d" />
  </TestEntries>
  <Results>
    <UnitTestResult executionId="2bca74fa-e701-43f4-a239-dc4c22ed4b04" testId="3ce82d81-121a-e8e1-db70-ae7fe7fcf4a8" testName="TestMethod1" computerName="DESKTOP-LOPJI9H" duration="00:00:00.0287564" startTime="2021-07-16T12:13:16.2519751+08:00" endTime="2021-07-16T12:13:16.3144775+08:00" testType="13cdc9d9-ddb5-4fa4-a97d-d965ccfc6d4b" outcome="Failed" testListId="8c84fa94-04c1-424b-9868-57a2d4851a1d">
      <Output>
        <ErrorInfo>
          <Message>Assert.AreEqual 失败。应为: &lt;2&gt;，实际为: &lt;4&gt;。</Message>
          <StackTrace>   在 Test.UnitTest.TestMethod1() 位置 g:\debug_c++\add\test\unittest.cpp:行号 62
</StackTrace>
        </ErrorInfo>
      </Output>
    </UnitTestResult>
  </Results>
</TestRun>